0 info it worked if it ends with ok
1 verbose cli [ '/home/stondo/.nvm/versions/node/v4.2.2/bin/node',
1 verbose cli   '/home/stondo/.nvm/versions/node/v4.2.2/bin/npm',
1 verbose cli   'start' ]
2 info using npm@3.4.0
3 info using node@v4.2.2
4 verbose run-script [ 'prestart', 'start', 'poststart' ]
5 info lifecycle beerlocker-koa@0.1.0~prestart: beerlocker-koa@0.1.0
6 silly lifecycle beerlocker-koa@0.1.0~prestart: no script for prestart, continuing
7 info lifecycle beerlocker-koa@0.1.0~start: beerlocker-koa@0.1.0
8 verbose lifecycle beerlocker-koa@0.1.0~start: unsafe-perm in lifecycle true
9 verbose lifecycle beerlocker-koa@0.1.0~start: PATH: /home/stondo/.nvm/versions/node/v4.2.2/lib/node_modules/npm/bin/node-gyp-bin:/home/stondo/dev/generators/beerlocker-koa/node_modules/.bin:/home/stondo/.nvm/versions/node/v4.2.2/bin:/home/stondo/.sdkman/candidates/scala/current/bin:/usr/local/sbin:/usr/local/bin:/usr/sbin:/usr/bin:/sbin:/bin:/usr/games:/usr/local/games:/home/stondo/dev/go/bin:/usr/local/go/bin
10 verbose lifecycle beerlocker-koa@0.1.0~start: CWD: /home/stondo/dev/generators/beerlocker-koa
11 silly lifecycle beerlocker-koa@0.1.0~start: Args: [ '-c', 'node --harmony_proxies server.js' ]
12 silly lifecycle beerlocker-koa@0.1.0~start: Returned: code: 1  signal: null
13 info lifecycle beerlocker-koa@0.1.0~start: Failed to exec start script
14 verbose stack Error: beerlocker-koa@0.1.0 start: `node --harmony_proxies server.js`
14 verbose stack Exit status 1
14 verbose stack     at EventEmitter.<anonymous> (/home/stondo/.nvm/versions/node/v4.2.2/lib/node_modules/npm/lib/utils/lifecycle.js:232:16)
14 verbose stack     at emitTwo (events.js:87:13)
14 verbose stack     at EventEmitter.emit (events.js:172:7)
14 verbose stack     at ChildProcess.<anonymous> (/home/stondo/.nvm/versions/node/v4.2.2/lib/node_modules/npm/lib/utils/spawn.js:24:14)
14 verbose stack     at emitTwo (events.js:87:13)
14 verbose stack     at ChildProcess.emit (events.js:172:7)
14 verbose stack     at maybeClose (internal/child_process.js:818:16)
14 verbose stack     at Process.ChildProcess._handle.onexit (internal/child_process.js:211:5)
15 verbose pkgid beerlocker-koa@0.1.0
16 verbose cwd /home/stondo/dev/generators/beerlocker-koa
17 error Linux 3.19.0-43-generic
18 error argv "/home/stondo/.nvm/versions/node/v4.2.2/bin/node" "/home/stondo/.nvm/versions/node/v4.2.2/bin/npm" "start"
19 error node v4.2.2
20 error npm  v3.4.0
21 error code ELIFECYCLE
22 error beerlocker-koa@0.1.0 start: `node --harmony_proxies server.js`
22 error Exit status 1
23 error Failed at the beerlocker-koa@0.1.0 start script 'node --harmony_proxies server.js'.
23 error Make sure you have the latest version of node.js and npm installed.
23 error If you do, this is most likely a problem with the beerlocker-koa package,
23 error not with npm itself.
23 error Tell the author that this fails on your system:
23 error     node --harmony_proxies server.js
23 error You can get their info via:
23 error     npm owner ls beerlocker-koa
23 error There is likely additional logging output above.
24 verbose exit [ 1, true ]
